<?xml version="1.0" encoding="UTF-8"?>
<!-- Generated by org.testng.reporters.JUnitReportReporter -->
<testsuite hostname="LAPTOP-7DL7U0J0" failures="0" tests="1" name="tests.SearchTest" time="3.632" errors="0" timestamp="2021-06-22T22:04:29 GMT+03:00" skipped="0">
  <testcase classname="tests.SearchTest" name="searchforamazon" time="3.632"/>
  <system-out/>
</testsuite> <!-- tests.SearchTest -->
