<?xml version="1.0" encoding="UTF-8"?>
<!-- Generated by org.testng.reporters.JUnitReportReporter -->
<testsuite hostname="LAPTOP-7DL7U0J0" failures="0" tests="1" name="tests.SearchTest" time="11.107" errors="0" timestamp="2021-06-23T10:44:07 GMT+03:00" skipped="0">
  <testcase classname="tests.SearchTest" name="get_the_list_of_types_of_a_particular_product" time="11.107"/>
  <system-out/>
</testsuite> <!-- tests.SearchTest -->
